<?xml version="1.0" encoding="UTF-8"?>
<testsuite name="fr.univartois.butinfo.sae.model.CommandeTest" tests="6" skipped="0" failures="0" errors="0" timestamp="2025-06-11T13:05:07" hostname="Lenovo-LOQ-15ARP9" time="0.067">
  <properties/>
  <testcase name="Test le montant de la remise." classname="fr.univartois.butinfo.sae.model.CommandeTest" time="0.017"/>
  <testcase name="Test la mise à jour de ligne de commande." classname="fr.univartois.butinfo.sae.model.CommandeTest" time="0.001"/>
  <testcase name="Test l'ajout de ligne de commande." classname="fr.univartois.butinfo.sae.model.CommandeTest" time="0.0"/>
  <testcase name="Test le nombre de bouteilles gratuites." classname="fr.univartois.butinfo.sae.model.CommandeTest" time="0.001"/>
  <testcase name="Test le montant total de la commande." classname="fr.univartois.butinfo.sae.model.CommandeTest" time="0.0"/>
  <testcase name="Test la méthode Equals()." classname="fr.univartois.butinfo.sae.model.CommandeTest" time="0.043"/>
  <system-out><![CDATA[]]></system-out>
  <system-err><![CDATA[]]></system-err>
</testsuite>
