<?xml version="1.0" encoding="UTF-8"?>
<testsuite name="fr.univartois.butinfo.sae.model.ClientTest" tests="3" skipped="0" failures="0" errors="0" timestamp="2025-06-11T13:05:07" hostname="Lenovo-LOQ-15ARP9" time="0.02">
  <properties/>
  <testcase name="Teste la méthode toString pour les clients." classname="fr.univartois.butinfo.sae.model.ClientTest" time="0.016"/>
  <testcase name="Teste la méthode equals pour les clients." classname="fr.univartois.butinfo.sae.model.ClientTest" time="0.002"/>
  <testcase name="ajoutPointsFidelite()" classname="fr.univartois.butinfo.sae.model.ClientTest" time="0.001"/>
  <system-out><![CDATA[]]></system-out>
  <system-err><![CDATA[]]></system-err>
</testsuite>
